<?xml version="1.0" encoding="UTF-8"?>
<!-- Generated by org.testng.reporters.JUnitReportReporter -->
<testsuite skipped="0" hostname="OJAS-DD189" name="pageTest.SeleniumProPageTest" tests="1" failures="0" timestamp="06 Nov 2019 13:18:32 GMT" time="8.540" errors="0">
  <testcase name="inIt" time="8.540" classname="pageTest.SeleniumProPageTest"/>
</testsuite> <!-- pageTest.SeleniumProPageTest -->
